<?xml version="1.0" encoding="UTF-8"?>
<Site BuildName="(empty)"
	BuildStamp="20250206-1900-Experimental"
	Name="(empty)"
	Generator="ctest-3.29.2"
	CompilerName=""
	CompilerVersion=""
	OSName="Windows"
	Hostname="R2D2"
	OSRelease=" Personal"
	OSVersion=" (Build 26100)"
	OSPlatform="AMD64"
	Is64Bits="1"
	VendorString="AuthenticAMD"
	VendorID="Advanced Micro Devices"
	FamilyID="15"
	ModelID="1"
	ProcessorCacheSize="64"
	NumberOfLogicalCPU="12"
	NumberOfPhysicalCPU="6"
	TotalVirtualMemory="34738"
	TotalPhysicalMemory="16306"
	LogicalProcessorsPerPhysical="2"
	ProcessorClockFrequency="3900"
	>
	<Testing>
		<StartDateTime>Feb 07 01:43 Russia TZ 4 Standard Time</StartDateTime>
		<StartTestTime>1738874598</StartTestTime>
		<TestList/>
		<EndDateTime>Feb 07 01:43 Russia TZ 4 Standard Time</EndDateTime>
		<EndTestTime>1738874598</EndTestTime>
		<ElapsedMinutes>0</ElapsedMinutes>
	</Testing>
</Site>
